[2020-07-30T23:04:21+05:30] "GET /users" 200 23 - 18.834 ms
[2020-07-30T23:16:16+05:30] "GET /users/uuu" 404 1552 - 1055.340 ms
[2020-07-30T23:16:42+05:30] "GET /dfa" 404 1552 - 965.157 ms
[2020-07-30T23:16:42+05:30] "GET /stylesheets/style.css" 304 - - 2.878 ms
[2020-07-30T23:16:42+05:30] "GET /favicon.ico" 404 1552 - 43.360 ms
[2020-07-30T23:19:23+05:30] "GET /users/uuu" 404 23 - 13.129 ms
[2020-07-30T23:20:08+05:30] "GET /users/uuu" 404 23 - 15.707 ms
[2020-07-30T23:24:35+05:30] "GET /users/uuu" 500 40 - 13.286 ms
[2020-07-30T23:26:06+05:30] "GET /users/uuu" 404 23 - 24.296 ms
[2020-07-30T23:27:32+05:30] "GET /users/uuu" 404 148 - 13.264 ms
[2020-07-30T23:29:46+05:30] "GET /users/uuu" 404 148 - 23.599 ms
[2020-07-30T23:30:11+05:30] "GET /users/uuu" 404 23 - 11.950 ms
[2020-07-30T23:35:25+05:30] "GET /users/" 200 23 - 2.872 ms
[2020-07-30T23:36:01+05:30] "GET /users/hjgj" 404 23 - 1.391 ms
[2020-07-31T12:15:31+05:30] "GET /users" 200 23 - 9.074 ms
[2020-07-31T12:15:51+05:30] "GET /users/dsfas" 404 23 - 2.356 ms
[2020-07-31T12:17:44+05:30] "GET /users/" 200 23 - 9.593 ms
[2020-07-31T12:17:48+05:30] "GET /users/kldfja" 404 23 - 6.510 ms
[2020-07-31T12:18:03+05:30] "GET /users" 200 23 - 0.828 ms
[2020-07-31T12:18:09+05:30] "GET /" 500 148 - 895.424 ms
[2020-07-31T12:19:00+05:30] "GET /" 200 13 - 11.162 ms
[2020-07-31T12:37:41+05:30] "GET /" 200 13 - 14.316 ms
[2020-07-31T12:38:00+05:30] "GET /jkh" 404 23 - 3.017 ms
[2020-07-31T12:38:45+05:30] "GET /jkh" 404 23 - 26.968 ms
[2020-07-31T12:39:34+05:30] "GET /jkh" 404 23 - 22.889 ms
[2020-07-31T12:40:11+05:30] "GET /jkh" 404 23 - 11.776 ms
[2020-07-31T12:40:56+05:30] "GET /jkh" 404 23 - 8.035 ms
[2020-07-31T12:41:47+05:30] "GET /jkh" 404 23 - 11.886 ms
[2020-07-31T12:42:22+05:30] "GET /jkh" 404 23 - 15.788 ms
[2020-07-31T12:45:27+05:30] "GET /jkh" 404 23 - 18.050 ms
[2020-07-31T12:47:09+05:30] "GET /jkh" 404 23 - 21.259 ms
[2020-08-02T19:37:47+05:30] "GET /setupDb" 500 37 - 13.620 ms
[2020-08-02T19:37:47+05:30] "GET /favicon.ico" 404 23 - 1.155 ms
[2020-08-02T19:39:05+05:30] "GET /setupDb" 500 47 - 1626.516 ms
[2020-08-02T19:42:48+05:30] "GET /setupDb" 500 47 - 380.186 ms
[2020-08-02T19:44:20+05:30] "GET /setupDb" 500 70 - 74.918 ms
[2020-08-02T19:44:39+05:30] "GET /setupDb" 200 21 - 95.537 ms
[2020-08-02T19:44:57+05:30] "GET /setupDb" 500 47 - 367.786 ms
[2020-08-02T19:45:42+05:30] "GET /setupDb" 200 357 - 88.017 ms
[2020-08-02T19:46:08+05:30] "GET /setupDb" 500 47 - 1427.272 ms
