Thu Jul 30 2020 23:30:11 GMT+0530 (India Standard Time) - NotFoundError: Not Found
    at /mnt/c/Users/aravindkrishna/desktop/dine-out/cloudkitchen/cloudkitchen-ws/app.js:42:8
    at Layer.handle [as handle_request] (/mnt/c/Users/aravindkrishna/desktop/dine-out/cloudkitchen/cloudkitchen-ws/node_modules/express/lib/router/layer.js:95:5)
    at trim_prefix (/mnt/c/Users/aravindkrishna/desktop/dine-out/cloudkitchen/cloudkitchen-ws/node_modules/express/lib/router/index.js:317:13)
    at /mnt/c/Users/aravindkrishna/desktop/dine-out/cloudkitchen/cloudkitchen-ws/node_modules/express/lib/router/index.js:284:7
    at Function.process_params (/mnt/c/Users/aravindkrishna/desktop/dine-out/cloudkitchen/cloudkitchen-ws/node_modules/express/lib/router/index.js:335:12)
    at next (/mnt/c/Users/aravindkrishna/desktop/dine-out/cloudkitchen/cloudkitchen-ws/node_modules/express/lib/router/index.js:275:10)
    at /mnt/c/Users/aravindkrishna/desktop/dine-out/cloudkitchen/cloudkitchen-ws/node_modules/express/lib/router/index.js:635:15
    at next (/mnt/c/Users/aravindkrishna/desktop/dine-out/cloudkitchen/cloudkitchen-ws/node_modules/express/lib/router/index.js:260:14)
    at Function.handle (/mnt/c/Users/aravindkrishna/desktop/dine-out/cloudkitchen/cloudkitchen-ws/node_modules/express/lib/router/index.js:174:3)
    at router (/mnt/c/Users/aravindkrishna/desktop/dine-out/cloudkitchen/cloudkitchen-ws/node_modules/express/lib/router/index.js:47:12)
Thu Jul 30 2020 23:36:01 GMT+0530 (India Standard Time) - NotFoundError: Not Found
    at /mnt/c/Users/aravindkrishna/desktop/dine-out/cloudkitchen/cloudkitchen-ws/app.js:42:8
    at Layer.handle [as handle_request] (/mnt/c/Users/aravindkrishna/desktop/dine-out/cloudkitchen/cloudkitchen-ws/node_modules/express/lib/router/layer.js:95:5)
    at trim_prefix (/mnt/c/Users/aravindkrishna/desktop/dine-out/cloudkitchen/cloudkitchen-ws/node_modules/express/lib/router/index.js:317:13)
    at /mnt/c/Users/aravindkrishna/desktop/dine-out/cloudkitchen/cloudkitchen-ws/node_modules/express/lib/router/index.js:284:7
    at Function.process_params (/mnt/c/Users/aravindkrishna/desktop/dine-out/cloudkitchen/cloudkitchen-ws/node_modules/express/lib/router/index.js:335:12)
    at next (/mnt/c/Users/aravindkrishna/desktop/dine-out/cloudkitchen/cloudkitchen-ws/node_modules/express/lib/router/index.js:275:10)
    at /mnt/c/Users/aravindkrishna/desktop/dine-out/cloudkitchen/cloudkitchen-ws/node_modules/express/lib/router/index.js:635:15
    at next (/mnt/c/Users/aravindkrishna/desktop/dine-out/cloudkitchen/cloudkitchen-ws/node_modules/express/lib/router/index.js:260:14)
    at Function.handle (/mnt/c/Users/aravindkrishna/desktop/dine-out/cloudkitchen/cloudkitchen-ws/node_modules/express/lib/router/index.js:174:3)
    at router (/mnt/c/Users/aravindkrishna/desktop/dine-out/cloudkitchen/cloudkitchen-ws/node_modules/express/lib/router/index.js:47:12)
Fri Jul 31 2020 12:15:51 GMT+0530 (India Standard Time) - NotFoundError: Not Found
    at /mnt/c/Users/aravindkrishna/desktop/dine-out/cloudkitchen/cloudkitchen-ws/app.js:43:8
    at Layer.handle [as handle_request] (/mnt/c/Users/aravindkrishna/desktop/dine-out/cloudkitchen/cloudkitchen-ws/node_modules/express/lib/router/layer.js:95:5)
    at trim_prefix (/mnt/c/Users/aravindkrishna/desktop/dine-out/cloudkitchen/cloudkitchen-ws/node_modules/express/lib/router/index.js:317:13)
    at /mnt/c/Users/aravindkrishna/desktop/dine-out/cloudkitchen/cloudkitchen-ws/node_modules/express/lib/router/index.js:284:7
    at Function.process_params (/mnt/c/Users/aravindkrishna/desktop/dine-out/cloudkitchen/cloudkitchen-ws/node_modules/express/lib/router/index.js:335:12)
    at next (/mnt/c/Users/aravindkrishna/desktop/dine-out/cloudkitchen/cloudkitchen-ws/node_modules/express/lib/router/index.js:275:10)
    at /mnt/c/Users/aravindkrishna/desktop/dine-out/cloudkitchen/cloudkitchen-ws/node_modules/express/lib/router/index.js:635:15
    at next (/mnt/c/Users/aravindkrishna/desktop/dine-out/cloudkitchen/cloudkitchen-ws/node_modules/express/lib/router/index.js:260:14)
    at Function.handle (/mnt/c/Users/aravindkrishna/desktop/dine-out/cloudkitchen/cloudkitchen-ws/node_modules/express/lib/router/index.js:174:3)
    at router (/mnt/c/Users/aravindkrishna/desktop/dine-out/cloudkitchen/cloudkitchen-ws/node_modules/express/lib/router/index.js:47:12)
Fri Jul 31 2020 12:17:48 GMT+0530 (India Standard Time) - NotFoundError: Not Found
    at /mnt/c/Users/aravindkrishna/desktop/dine-out/cloudkitchen/cloudkitchen-ws/app.js:42:8
    at Layer.handle [as handle_request] (/mnt/c/Users/aravindkrishna/desktop/dine-out/cloudkitchen/cloudkitchen-ws/node_modules/express/lib/router/layer.js:95:5)
    at trim_prefix (/mnt/c/Users/aravindkrishna/desktop/dine-out/cloudkitchen/cloudkitchen-ws/node_modules/express/lib/router/index.js:317:13)
    at /mnt/c/Users/aravindkrishna/desktop/dine-out/cloudkitchen/cloudkitchen-ws/node_modules/express/lib/router/index.js:284:7
    at Function.process_params (/mnt/c/Users/aravindkrishna/desktop/dine-out/cloudkitchen/cloudkitchen-ws/node_modules/express/lib/router/index.js:335:12)
    at next (/mnt/c/Users/aravindkrishna/desktop/dine-out/cloudkitchen/cloudkitchen-ws/node_modules/express/lib/router/index.js:275:10)
    at /mnt/c/Users/aravindkrishna/desktop/dine-out/cloudkitchen/cloudkitchen-ws/node_modules/express/lib/router/index.js:635:15
    at next (/mnt/c/Users/aravindkrishna/desktop/dine-out/cloudkitchen/cloudkitchen-ws/node_modules/express/lib/router/index.js:260:14)
    at Function.handle (/mnt/c/Users/aravindkrishna/desktop/dine-out/cloudkitchen/cloudkitchen-ws/node_modules/express/lib/router/index.js:174:3)
    at router (/mnt/c/Users/aravindkrishna/desktop/dine-out/cloudkitchen/cloudkitchen-ws/node_modules/express/lib/router/index.js:47:12)
Fri Jul 31 2020 12:18:09 GMT+0530 (India Standard Time) - Error: Failed to lookup view "index" in views directory "/mnt/c/Users/aravindkrishna/desktop/dine-out/cloudkitchen/cloudkitchen-ws/views"
    at Function.render (/mnt/c/Users/aravindkrishna/desktop/dine-out/cloudkitchen/cloudkitchen-ws/node_modules/express/lib/application.js:580:17)
    at ServerResponse.render (/mnt/c/Users/aravindkrishna/desktop/dine-out/cloudkitchen/cloudkitchen-ws/node_modules/express/lib/response.js:1008:7)
    at /mnt/c/Users/aravindkrishna/desktop/dine-out/cloudkitchen/cloudkitchen-ws/routes/index.js:6:7
    at Layer.handle [as handle_request] (/mnt/c/Users/aravindkrishna/desktop/dine-out/cloudkitchen/cloudkitchen-ws/node_modules/express/lib/router/layer.js:95:5)
    at next (/mnt/c/Users/aravindkrishna/desktop/dine-out/cloudkitchen/cloudkitchen-ws/node_modules/express/lib/router/route.js:137:13)
    at Route.dispatch (/mnt/c/Users/aravindkrishna/desktop/dine-out/cloudkitchen/cloudkitchen-ws/node_modules/express/lib/router/route.js:112:3)
    at Layer.handle [as handle_request] (/mnt/c/Users/aravindkrishna/desktop/dine-out/cloudkitchen/cloudkitchen-ws/node_modules/express/lib/router/layer.js:95:5)
    at /mnt/c/Users/aravindkrishna/desktop/dine-out/cloudkitchen/cloudkitchen-ws/node_modules/express/lib/router/index.js:281:22
    at Function.process_params (/mnt/c/Users/aravindkrishna/desktop/dine-out/cloudkitchen/cloudkitchen-ws/node_modules/express/lib/router/index.js:335:12)
    at next (/mnt/c/Users/aravindkrishna/desktop/dine-out/cloudkitchen/cloudkitchen-ws/node_modules/express/lib/router/index.js:275:10)
